0 info it worked if it ends with ok
1 verbose cli [ '/Users/sertorio.morales/.nvm/versions/node/v6.10.1/bin/node',
1 verbose cli   '/Users/sertorio.morales/.nvm/versions/node/v6.10.1/bin/npm',
1 verbose cli   'run',
1 verbose cli   'test:watch' ]
2 info using npm@3.10.10
3 info using node@v6.10.1
4 verbose run-script [ 'pretest:watch', 'test:watch', 'posttest:watch' ]
5 info lifecycle itacademy-sprint4@1.0.0~pretest:watch: itacademy-sprint4@1.0.0
6 silly lifecycle itacademy-sprint4@1.0.0~pretest:watch: no script for pretest:watch, continuing
7 info lifecycle itacademy-sprint4@1.0.0~test:watch: itacademy-sprint4@1.0.0
8 verbose lifecycle itacademy-sprint4@1.0.0~test:watch: unsafe-perm in lifecycle true
9 verbose lifecycle itacademy-sprint4@1.0.0~test:watch: PATH: /Users/sertorio.morales/.nvm/versions/node/v6.10.1/lib/node_modules/npm/bin/node-gyp-bin:/Users/sertorio.morales/Documents/IT_ACADEMY_REACT/sprint4_ITAcademy_reactjs/starter-code-frontend-sprint-4/node_modules/.bin:/Users/sertorio.morales/.nvm/versions/node/v6.10.1/bin:./node_modules/.bin:/usr/local/bin:/usr/bin:/bin:/usr/sbin:/sbin:/Users/sertorio.morales/.rvm/bin
10 verbose lifecycle itacademy-sprint4@1.0.0~test:watch: CWD: /Users/sertorio.morales/Documents/IT_ACADEMY_REACT/sprint4_ITAcademy_reactjs/starter-code-frontend-sprint-4
11 silly lifecycle itacademy-sprint4@1.0.0~test:watch: Args: [ '-c', 'jest --watchAll --verbose=false' ]
12 silly lifecycle itacademy-sprint4@1.0.0~test:watch: Returned: code: 1  signal: null
13 info lifecycle itacademy-sprint4@1.0.0~test:watch: Failed to exec test:watch script
14 verbose stack Error: itacademy-sprint4@1.0.0 test:watch: `jest --watchAll --verbose=false`
14 verbose stack Exit status 1
14 verbose stack     at EventEmitter.<anonymous> (/Users/sertorio.morales/.nvm/versions/node/v6.10.1/lib/node_modules/npm/lib/utils/lifecycle.js:255:16)
14 verbose stack     at emitTwo (events.js:106:13)
14 verbose stack     at EventEmitter.emit (events.js:191:7)
14 verbose stack     at ChildProcess.<anonymous> (/Users/sertorio.morales/.nvm/versions/node/v6.10.1/lib/node_modules/npm/lib/utils/spawn.js:40:14)
14 verbose stack     at emitTwo (events.js:106:13)
14 verbose stack     at ChildProcess.emit (events.js:191:7)
14 verbose stack     at maybeClose (internal/child_process.js:886:16)
14 verbose stack     at Process.ChildProcess._handle.onexit (internal/child_process.js:226:5)
15 verbose pkgid itacademy-sprint4@1.0.0
16 verbose cwd /Users/sertorio.morales/Documents/IT_ACADEMY_REACT/sprint4_ITAcademy_reactjs/starter-code-frontend-sprint-4
17 error Darwin 15.5.0
18 error argv "/Users/sertorio.morales/.nvm/versions/node/v6.10.1/bin/node" "/Users/sertorio.morales/.nvm/versions/node/v6.10.1/bin/npm" "run" "test:watch"
19 error node v6.10.1
20 error npm  v3.10.10
21 error code ELIFECYCLE
22 error itacademy-sprint4@1.0.0 test:watch: `jest --watchAll --verbose=false`
22 error Exit status 1
23 error Failed at the itacademy-sprint4@1.0.0 test:watch script 'jest --watchAll --verbose=false'.
23 error Make sure you have the latest version of node.js and npm installed.
23 error If you do, this is most likely a problem with the itacademy-sprint4 package,
23 error not with npm itself.
23 error Tell the author that this fails on your system:
23 error     jest --watchAll --verbose=false
23 error You can get information on how to open an issue for this project with:
23 error     npm bugs itacademy-sprint4
23 error Or if that isn't available, you can get their info via:
23 error     npm owner ls itacademy-sprint4
23 error There is likely additional logging output above.
24 verbose exit [ 1, true ]
